

*******************************************************************************
Thu Feb  8 21:56:14 2024


FIT:    data read from "bubbleSort.CPUtimes" using 1:2
        format = x:z
        #datapoints = 7
        residuals are weighted equally (unit weight)

function used for fitting: y(x)
	y(x)=a*x*x + b*x + c
fitted parameters initialized with current variable values

iter      chisq       delta/lim  lambda   a             b             c            
   0 1.9677065394e+19   0.00e+00  9.68e+08    1.000000e+00   1.000000e+00   1.000000e+00
  12 5.1858460801e+01  -1.25e-02  9.68e-04    2.720929e-06  -3.381388e-03   2.615886e+00

After 12 iterations the fit converged.
final sum of squares of residuals : 51.8585
rel. change during last iteration : -1.24633e-07

degrees of freedom    (FIT_NDF)                        : 4
rms of residuals      (FIT_STDFIT) = sqrt(WSSR/ndf)    : 3.60064
variance of residuals (reduced chisquare) = WSSR/ndf   : 12.9646

Final set of parameters            Asymptotic Standard Error
=======================            ==========================
a               = 2.72093e-06      +/- 3.621e-09    (0.1331%)
b               = -0.00338139      +/- 0.0002437    (7.207%)
c               = 2.61589          +/- 2.281        (87.19%)

correlation matrix of the fit parameters:
                a      b      c      
a               1.000 
b              -0.966  1.000 
c               0.620 -0.730  1.000 
